TN:
SF:/Users/PZM/code/TOZ/TOZ_FE/toz-fe/src/components/Transfer.vue
FN:,(anonymous_0)
FN:,(anonymous_1)
FNF:2
FNH:0
FNDA:0,(anonymous_0)
FNDA:0,(anonymous_1)
DA:30,1
DA:57,1
DA:58,1
DA:63,1
DA:65,0
DA:66,0
DA:67,0
DA:68,0
DA:71,0
LF:9
LH:4
BRF:0
BRH:0
end_of_record
TN:
SF:/Users/PZM/code/TOZ/TOZ_FE/toz-fe/src/App.vue
FNF:0
FNH:0
LF:0
LH:0
BRF:0
BRH:0
end_of_record
TN:
SF:/Users/PZM/code/TOZ/TOZ_FE/toz-fe/src/router/index.js
FNF:0
FNH:0
DA:6,1
LF:1
LH:1
BRF:0
BRH:0
end_of_record
TN:
SF:/Users/PZM/code/TOZ/TOZ_FE/toz-fe/src/router/paths.js
FNF:0
FNH:0
DA:1,1
DA:2,1
LF:2
LH:2
BRF:0
BRH:0
end_of_record
